<?xml version="1.0" encoding="UTF-8"?>
<!-- Generated by org.testng.reporters.JUnitXMLReporter -->
<testsuite hostname="Henrys-MacBook-Pro.local" ignored="0" name="Test" tests="1" failures="1" timestamp="21 Dec 2018 20:31:25 GMT" time="0.054" errors="0">
  <testcase name="setup" time="0.013" classname="com.maven1.BaseClass">
    <failure type="java.lang.NoClassDefFoundError" message="com/gargoylesoftware/htmlunit/WebWindowListener">
      <![CDATA[java.lang.NoClassDefFoundError: com/gargoylesoftware/htmlunit/WebWindowListener
at com.maven1.BaseClass.setup(BaseClass.java:16)
Caused by: java.lang.ClassNotFoundException: com.gargoylesoftware.htmlunit.WebWindowListener
at java.net.URLClassLoader.findClass(URLClassLoader.java:381)
at java.lang.ClassLoader.loadClass(ClassLoader.java:424)
at sun.misc.Launcher$AppClassLoader.loadClass(Launcher.java:349)
at java.lang.ClassLoader.loadClass(ClassLoader.java:357)
... 30 more
... Removed 29 stack frames]]>
    </failure>
  </testcase> <!-- setup -->
</testsuite> <!-- Test -->
