<?xml version="1.0" encoding="UTF-8"?>
<testng-results skipped="0" failed="0" ignored="0" total="1" passed="1">
  <reporter-output>
  </reporter-output>
  <suite name="Default suite" duration-ms="4394" started-at="2018-12-22T02:47:11Z" finished-at="2018-12-22T02:47:16Z">
    <groups>
    </groups>
    <test name="Default test" duration-ms="4394" started-at="2018-12-22T02:47:11Z" finished-at="2018-12-22T02:47:16Z">
      <class name="com.maven1.BaseClass">
        <test-method status="PASS" signature="setup()[pri:0, instance:com.maven1.BaseClass@12cdcf4]" name="setup" duration-ms="4363" started-at="2018-12-22T02:47:11Z" finished-at="2018-12-22T02:47:16Z">
          <reporter-output>
          </reporter-output>
        </test-method> <!-- setup -->
      </class> <!-- com.maven1.BaseClass -->
    </test> <!-- Default test -->
  </suite> <!-- Default suite -->
</testng-results>
